<?xml version="1.0" encoding="UTF-8"?>
<!-- Generated by org.testng.reporters.JUnitXMLReporter -->
<testsuite ignored="0" hostname="Ashok" failures="0" tests="4" name="ChromeTest" time="41.605" errors="0" timestamp="2022-01-27T12:37:31 IST">
  <testcase classname="ParallelClasses.CrossBrowsingTesting" name="actiTime" time="17.562"/>
  <testcase classname="ParallelClasses.CrossBrowsingTesting" name="dargAndDrop" time="3.953"/>
  <testcase classname="ParallelClasses.CrossBrowsingTesting" name="dropDown" time="9.053"/>
  <testcase classname="ParallelClasses.CrossBrowsingTesting" name="fileUpLoad" time="9.389"/>
</testsuite> <!-- ChromeTest -->
