<?xml version="1.0" encoding="UTF-8"?>
<!-- Generated by org.testng.reporters.JUnitXMLReporter -->
<testsuite ignored="0" hostname="Ashok" failures="0" tests="4" name="EdgeTest" time="40.592" errors="0" timestamp="2022-01-27T12:37:30 IST">
  <testcase classname="ParallelClasses.CrossBrowsingTesting" name="actiTime" time="16.586"/>
  <testcase classname="ParallelClasses.CrossBrowsingTesting" name="dargAndDrop" time="3.907"/>
  <testcase classname="ParallelClasses.CrossBrowsingTesting" name="dropDown" time="8.464"/>
  <testcase classname="ParallelClasses.CrossBrowsingTesting" name="fileUpLoad" time="8.111"/>
</testsuite> <!-- EdgeTest -->
