<?xml version="1.0" encoding="UTF-8"?>
<!-- Generated by org.testng.reporters.JUnitXMLReporter -->
<testsuite ignored="0" hostname="Ashok" failures="0" tests="4" name="FireFoxTest" time="46.79" errors="0" timestamp="2022-01-27T12:37:36 IST">
  <testcase classname="ParallelClasses.CrossBrowsingTesting" name="actiTime" time="18.043"/>
  <testcase classname="ParallelClasses.CrossBrowsingTesting" name="dargAndDrop" time="4.318"/>
  <testcase classname="ParallelClasses.CrossBrowsingTesting" name="dropDown" time="9.873"/>
  <testcase classname="ParallelClasses.CrossBrowsingTesting" name="fileUpLoad" time="9.69"/>
</testsuite> <!-- FireFoxTest -->
