<?xml version="1.0" encoding="UTF-8"?>
<!-- Generated by org.testng.reporters.JUnitXMLReporter -->
<testsuite ignored="0" hostname="Ashok" failures="0" tests="3" name="MicrosoftEdgeTest" time="35.178" errors="0" timestamp="2022-01-27T12:28:16 IST">
  <testcase classname="ParallelClasses.CrossBrowsingTesting" name="actiTime" time="16.625"/>
  <testcase classname="ParallelClasses.CrossBrowsingTesting" name="dargAndDrop" time="3.962"/>
  <testcase classname="ParallelClasses.CrossBrowsingTesting" name="fileUpLoad" time="11.172"/>
</testsuite> <!-- MicrosoftEdgeTest -->
