<?xml version="1.0" encoding="UTF-8"?>
<!-- Generated by org.testng.reporters.JUnitXMLReporter -->
<testsuite ignored="0" hostname="Ashok" failures="0" tests="3" name="Test" time="33.97" errors="0" timestamp="2022-01-27T12:22:58 IST">
  <testcase classname="ParallelClasses.CrossBrowsingTesting" name="actiTime" time="18.255"/>
  <testcase classname="ParallelClasses.CrossBrowsingTesting" name="dargAndDrop" time="4.371"/>
  <testcase classname="ParallelClasses.CrossBrowsingTesting" name="fileUpLoad" time="9.589"/>
</testsuite> <!-- Test -->
