<?xml version="1.0" encoding="UTF-8"?>
<testng-results ignored="0" total="12" passed="12" failed="0" skipped="0">
  <reporter-output>
    <line>
      <![CDATA[File Uploaded!]]>
    </line>
    <line>
      <![CDATA[File Uploaded!]]>
    </line>
    <line>
      <![CDATA[File Uploaded!]]>
    </line>
  </reporter-output>
  <suite started-at="2022-01-27T12:36:50 IST" name="Suite" finished-at="2022-01-27T12:37:36 IST" duration-ms="46790">
    <groups>
    </groups>
    <test started-at="2022-01-27T12:36:50 IST" name="EdgeTest" finished-at="2022-01-27T12:37:30 IST" duration-ms="40592">
      <class name="ParallelClasses.CrossBrowsingTesting">
        <test-method is-config="true" signature="openBrowser(java.lang.String)[pri:0, instance:ParallelClasses.CrossBrowsingTesting@169e6180]" started-at="2022-01-27T12:36:50 IST" name="openBrowser" finished-at="2022-01-27T12:36:53 IST" duration-ms="3494" status="PASS">
          <params>
            <param index="0">
              <value>
                <![CDATA[edge]]>
              </value>
            </param>
          </params>
          <reporter-output>
          </reporter-output>
        </test-method> <!-- openBrowser -->
        <test-method signature="actiTime()[pri:1, instance:ParallelClasses.CrossBrowsingTesting@169e6180]" started-at="2022-01-27T12:36:53 IST" name="actiTime" finished-at="2022-01-27T12:37:10 IST" duration-ms="16586" status="PASS">
          <reporter-output>
          </reporter-output>
        </test-method> <!-- actiTime -->
        <test-method signature="dargAndDrop()[pri:2, instance:ParallelClasses.CrossBrowsingTesting@169e6180]" started-at="2022-01-27T12:37:10 IST" name="dargAndDrop" finished-at="2022-01-27T12:37:14 IST" duration-ms="3907" status="PASS">
          <reporter-output>
          </reporter-output>
        </test-method> <!-- dargAndDrop -->
        <test-method signature="dropDown()[pri:3, instance:ParallelClasses.CrossBrowsingTesting@169e6180]" started-at="2022-01-27T12:37:14 IST" name="dropDown" finished-at="2022-01-27T12:37:22 IST" duration-ms="8464" status="PASS">
          <reporter-output>
          </reporter-output>
        </test-method> <!-- dropDown -->
        <test-method signature="fileUpLoad()[pri:4, instance:ParallelClasses.CrossBrowsingTesting@169e6180]" started-at="2022-01-27T12:37:22 IST" name="fileUpLoad" finished-at="2022-01-27T12:37:30 IST" duration-ms="8111" status="PASS">
          <reporter-output>
            <line>
              <![CDATA[File Uploaded!]]>
            </line>
          </reporter-output>
        </test-method> <!-- fileUpLoad -->
      </class> <!-- ParallelClasses.CrossBrowsingTesting -->
    </test> <!-- EdgeTest -->
    <test started-at="2022-01-27T12:36:50 IST" name="ChromeTest" finished-at="2022-01-27T12:37:31 IST" duration-ms="41605">
      <class name="ParallelClasses.CrossBrowsingTesting">
        <test-method is-config="true" signature="openBrowser(java.lang.String)[pri:0, instance:ParallelClasses.CrossBrowsingTesting@212b5695]" started-at="2022-01-27T12:36:50 IST" name="openBrowser" finished-at="2022-01-27T12:36:51 IST" duration-ms="1609" status="PASS">
          <params>
            <param index="0">
              <value>
                <![CDATA[chrome]]>
              </value>
            </param>
          </params>
          <reporter-output>
          </reporter-output>
        </test-method> <!-- openBrowser -->
        <test-method signature="actiTime()[pri:1, instance:ParallelClasses.CrossBrowsingTesting@212b5695]" started-at="2022-01-27T12:36:51 IST" name="actiTime" finished-at="2022-01-27T12:37:09 IST" duration-ms="17562" status="PASS">
          <reporter-output>
          </reporter-output>
        </test-method> <!-- actiTime -->
        <test-method signature="dargAndDrop()[pri:2, instance:ParallelClasses.CrossBrowsingTesting@212b5695]" started-at="2022-01-27T12:37:09 IST" name="dargAndDrop" finished-at="2022-01-27T12:37:13 IST" duration-ms="3953" status="PASS">
          <reporter-output>
          </reporter-output>
        </test-method> <!-- dargAndDrop -->
        <test-method signature="dropDown()[pri:3, instance:ParallelClasses.CrossBrowsingTesting@212b5695]" started-at="2022-01-27T12:37:13 IST" name="dropDown" finished-at="2022-01-27T12:37:22 IST" duration-ms="9053" status="PASS">
          <reporter-output>
          </reporter-output>
        </test-method> <!-- dropDown -->
        <test-method signature="fileUpLoad()[pri:4, instance:ParallelClasses.CrossBrowsingTesting@212b5695]" started-at="2022-01-27T12:37:22 IST" name="fileUpLoad" finished-at="2022-01-27T12:37:31 IST" duration-ms="9389" status="PASS">
          <reporter-output>
            <line>
              <![CDATA[File Uploaded!]]>
            </line>
          </reporter-output>
        </test-method> <!-- fileUpLoad -->
      </class> <!-- ParallelClasses.CrossBrowsingTesting -->
    </test> <!-- ChromeTest -->
    <test started-at="2022-01-27T12:36:50 IST" name="FireFoxTest" finished-at="2022-01-27T12:37:36 IST" duration-ms="46790">
      <class name="ParallelClasses.CrossBrowsingTesting">
        <test-method is-config="true" signature="openBrowser(java.lang.String)[pri:0, instance:ParallelClasses.CrossBrowsingTesting@4229bb3f]" started-at="2022-01-27T12:36:50 IST" name="openBrowser" finished-at="2022-01-27T12:36:54 IST" duration-ms="4839" status="PASS">
          <params>
            <param index="0">
              <value>
                <![CDATA[firefox]]>
              </value>
            </param>
          </params>
          <reporter-output>
          </reporter-output>
        </test-method> <!-- openBrowser -->
        <test-method signature="actiTime()[pri:1, instance:ParallelClasses.CrossBrowsingTesting@4229bb3f]" started-at="2022-01-27T12:36:54 IST" name="actiTime" finished-at="2022-01-27T12:37:13 IST" duration-ms="18043" status="PASS">
          <reporter-output>
          </reporter-output>
        </test-method> <!-- actiTime -->
        <test-method signature="dargAndDrop()[pri:2, instance:ParallelClasses.CrossBrowsingTesting@4229bb3f]" started-at="2022-01-27T12:37:13 IST" name="dargAndDrop" finished-at="2022-01-27T12:37:17 IST" duration-ms="4318" status="PASS">
          <reporter-output>
          </reporter-output>
        </test-method> <!-- dargAndDrop -->
        <test-method signature="dropDown()[pri:3, instance:ParallelClasses.CrossBrowsingTesting@4229bb3f]" started-at="2022-01-27T12:37:17 IST" name="dropDown" finished-at="2022-01-27T12:37:27 IST" duration-ms="9873" status="PASS">
          <reporter-output>
          </reporter-output>
        </test-method> <!-- dropDown -->
        <test-method signature="fileUpLoad()[pri:4, instance:ParallelClasses.CrossBrowsingTesting@4229bb3f]" started-at="2022-01-27T12:37:27 IST" name="fileUpLoad" finished-at="2022-01-27T12:37:36 IST" duration-ms="9690" status="PASS">
          <reporter-output>
            <line>
              <![CDATA[File Uploaded!]]>
            </line>
          </reporter-output>
        </test-method> <!-- fileUpLoad -->
      </class> <!-- ParallelClasses.CrossBrowsingTesting -->
    </test> <!-- FireFoxTest -->
  </suite> <!-- Suite -->
</testng-results>
